{
 "cells": [
  {
   "cell_type": "code",
   "execution_count": 1,
   "metadata": {},
   "outputs": [],
   "source": [
    "import sys\n",
    "import pandas as pd\n",
    "import os\n",
    "sys.path.insert(0,r'../../pydaisy/')\n",
    "import matplotlib.pyplot as plt\n",
    "import numpy as np \n",
    "import datetime as datetime\n",
    "\n",
    "from pydaisy.Daisy import *"
   ]
  },
  {
   "cell_type": "code",
   "execution_count": 93,
   "metadata": {},
   "outputs": [
    {
     "ename": "FileNotFoundError",
     "evalue": "[Errno 2] No such file or directory: 'masterinput_short.xlsx'",
     "output_type": "error",
     "traceback": [
      "\u001b[1;31m---------------------------------------------------------------------------\u001b[0m",
      "\u001b[1;31mFileNotFoundError\u001b[0m                         Traceback (most recent call last)",
      "\u001b[1;32m<ipython-input-93-a0bcb32a3c61>\u001b[0m in \u001b[0;36m<module>\u001b[1;34m()\u001b[0m\n\u001b[0;32m      1\u001b[0m \u001b[1;31m# Import excel w scenario information\u001b[0m\u001b[1;33m\u001b[0m\u001b[1;33m\u001b[0m\u001b[0m\n\u001b[0;32m      2\u001b[0m \u001b[1;31m# the crop rotations\u001b[0m\u001b[1;33m\u001b[0m\u001b[1;33m\u001b[0m\u001b[0m\n\u001b[1;32m----> 3\u001b[1;33m \u001b[0mrota\u001b[0m \u001b[1;33m=\u001b[0m \u001b[0mpd\u001b[0m\u001b[1;33m.\u001b[0m\u001b[0mread_excel\u001b[0m\u001b[1;33m(\u001b[0m\u001b[1;34m'masterinput_short.xlsx'\u001b[0m\u001b[1;33m,\u001b[0m \u001b[0msheet_name\u001b[0m\u001b[1;33m=\u001b[0m \u001b[1;34m'Rotations'\u001b[0m\u001b[1;33m)\u001b[0m\u001b[1;33m\u001b[0m\u001b[0m\n\u001b[0m\u001b[0;32m      4\u001b[0m \u001b[1;31m# import the crops: daisynames, plowing, sowing and harvest dates\u001b[0m\u001b[1;33m\u001b[0m\u001b[1;33m\u001b[0m\u001b[0m\n\u001b[0;32m      5\u001b[0m \u001b[0mcrops\u001b[0m \u001b[1;33m=\u001b[0m \u001b[0mpd\u001b[0m\u001b[1;33m.\u001b[0m\u001b[0mread_excel\u001b[0m\u001b[1;33m(\u001b[0m\u001b[1;34m'masterinput_short.xlsx'\u001b[0m\u001b[1;33m,\u001b[0m\u001b[0msheet_name\u001b[0m\u001b[1;33m=\u001b[0m \u001b[1;34m'Crops'\u001b[0m\u001b[1;33m)\u001b[0m\u001b[1;33m\u001b[0m\u001b[0m\n",
      "\u001b[1;32m~\\AppData\\Local\\Continuum\\anaconda3\\lib\\site-packages\\pandas\\util\\_decorators.py\u001b[0m in \u001b[0;36mwrapper\u001b[1;34m(*args, **kwargs)\u001b[0m\n\u001b[0;32m    176\u001b[0m                 \u001b[1;32melse\u001b[0m\u001b[1;33m:\u001b[0m\u001b[1;33m\u001b[0m\u001b[0m\n\u001b[0;32m    177\u001b[0m                     \u001b[0mkwargs\u001b[0m\u001b[1;33m[\u001b[0m\u001b[0mnew_arg_name\u001b[0m\u001b[1;33m]\u001b[0m \u001b[1;33m=\u001b[0m \u001b[0mnew_arg_value\u001b[0m\u001b[1;33m\u001b[0m\u001b[0m\n\u001b[1;32m--> 178\u001b[1;33m             \u001b[1;32mreturn\u001b[0m \u001b[0mfunc\u001b[0m\u001b[1;33m(\u001b[0m\u001b[1;33m*\u001b[0m\u001b[0margs\u001b[0m\u001b[1;33m,\u001b[0m \u001b[1;33m**\u001b[0m\u001b[0mkwargs\u001b[0m\u001b[1;33m)\u001b[0m\u001b[1;33m\u001b[0m\u001b[0m\n\u001b[0m\u001b[0;32m    179\u001b[0m         \u001b[1;32mreturn\u001b[0m \u001b[0mwrapper\u001b[0m\u001b[1;33m\u001b[0m\u001b[0m\n\u001b[0;32m    180\u001b[0m     \u001b[1;32mreturn\u001b[0m \u001b[0m_deprecate_kwarg\u001b[0m\u001b[1;33m\u001b[0m\u001b[0m\n",
      "\u001b[1;32m~\\AppData\\Local\\Continuum\\anaconda3\\lib\\site-packages\\pandas\\util\\_decorators.py\u001b[0m in \u001b[0;36mwrapper\u001b[1;34m(*args, **kwargs)\u001b[0m\n\u001b[0;32m    176\u001b[0m                 \u001b[1;32melse\u001b[0m\u001b[1;33m:\u001b[0m\u001b[1;33m\u001b[0m\u001b[0m\n\u001b[0;32m    177\u001b[0m                     \u001b[0mkwargs\u001b[0m\u001b[1;33m[\u001b[0m\u001b[0mnew_arg_name\u001b[0m\u001b[1;33m]\u001b[0m \u001b[1;33m=\u001b[0m \u001b[0mnew_arg_value\u001b[0m\u001b[1;33m\u001b[0m\u001b[0m\n\u001b[1;32m--> 178\u001b[1;33m             \u001b[1;32mreturn\u001b[0m \u001b[0mfunc\u001b[0m\u001b[1;33m(\u001b[0m\u001b[1;33m*\u001b[0m\u001b[0margs\u001b[0m\u001b[1;33m,\u001b[0m \u001b[1;33m**\u001b[0m\u001b[0mkwargs\u001b[0m\u001b[1;33m)\u001b[0m\u001b[1;33m\u001b[0m\u001b[0m\n\u001b[0m\u001b[0;32m    179\u001b[0m         \u001b[1;32mreturn\u001b[0m \u001b[0mwrapper\u001b[0m\u001b[1;33m\u001b[0m\u001b[0m\n\u001b[0;32m    180\u001b[0m     \u001b[1;32mreturn\u001b[0m \u001b[0m_deprecate_kwarg\u001b[0m\u001b[1;33m\u001b[0m\u001b[0m\n",
      "\u001b[1;32m~\\AppData\\Local\\Continuum\\anaconda3\\lib\\site-packages\\pandas\\io\\excel.py\u001b[0m in \u001b[0;36mread_excel\u001b[1;34m(io, sheet_name, header, names, index_col, usecols, squeeze, dtype, engine, converters, true_values, false_values, skiprows, nrows, na_values, parse_dates, date_parser, thousands, comment, skipfooter, convert_float, **kwds)\u001b[0m\n\u001b[0;32m    305\u001b[0m \u001b[1;33m\u001b[0m\u001b[0m\n\u001b[0;32m    306\u001b[0m     \u001b[1;32mif\u001b[0m \u001b[1;32mnot\u001b[0m \u001b[0misinstance\u001b[0m\u001b[1;33m(\u001b[0m\u001b[0mio\u001b[0m\u001b[1;33m,\u001b[0m \u001b[0mExcelFile\u001b[0m\u001b[1;33m)\u001b[0m\u001b[1;33m:\u001b[0m\u001b[1;33m\u001b[0m\u001b[0m\n\u001b[1;32m--> 307\u001b[1;33m         \u001b[0mio\u001b[0m \u001b[1;33m=\u001b[0m \u001b[0mExcelFile\u001b[0m\u001b[1;33m(\u001b[0m\u001b[0mio\u001b[0m\u001b[1;33m,\u001b[0m \u001b[0mengine\u001b[0m\u001b[1;33m=\u001b[0m\u001b[0mengine\u001b[0m\u001b[1;33m)\u001b[0m\u001b[1;33m\u001b[0m\u001b[0m\n\u001b[0m\u001b[0;32m    308\u001b[0m \u001b[1;33m\u001b[0m\u001b[0m\n\u001b[0;32m    309\u001b[0m     return io.parse(\n",
      "\u001b[1;32m~\\AppData\\Local\\Continuum\\anaconda3\\lib\\site-packages\\pandas\\io\\excel.py\u001b[0m in \u001b[0;36m__init__\u001b[1;34m(self, io, **kwds)\u001b[0m\n\u001b[0;32m    392\u001b[0m             \u001b[0mself\u001b[0m\u001b[1;33m.\u001b[0m\u001b[0mbook\u001b[0m \u001b[1;33m=\u001b[0m \u001b[0mxlrd\u001b[0m\u001b[1;33m.\u001b[0m\u001b[0mopen_workbook\u001b[0m\u001b[1;33m(\u001b[0m\u001b[0mfile_contents\u001b[0m\u001b[1;33m=\u001b[0m\u001b[0mdata\u001b[0m\u001b[1;33m)\u001b[0m\u001b[1;33m\u001b[0m\u001b[0m\n\u001b[0;32m    393\u001b[0m         \u001b[1;32melif\u001b[0m \u001b[0misinstance\u001b[0m\u001b[1;33m(\u001b[0m\u001b[0mself\u001b[0m\u001b[1;33m.\u001b[0m\u001b[0m_io\u001b[0m\u001b[1;33m,\u001b[0m \u001b[0mcompat\u001b[0m\u001b[1;33m.\u001b[0m\u001b[0mstring_types\u001b[0m\u001b[1;33m)\u001b[0m\u001b[1;33m:\u001b[0m\u001b[1;33m\u001b[0m\u001b[0m\n\u001b[1;32m--> 394\u001b[1;33m             \u001b[0mself\u001b[0m\u001b[1;33m.\u001b[0m\u001b[0mbook\u001b[0m \u001b[1;33m=\u001b[0m \u001b[0mxlrd\u001b[0m\u001b[1;33m.\u001b[0m\u001b[0mopen_workbook\u001b[0m\u001b[1;33m(\u001b[0m\u001b[0mself\u001b[0m\u001b[1;33m.\u001b[0m\u001b[0m_io\u001b[0m\u001b[1;33m)\u001b[0m\u001b[1;33m\u001b[0m\u001b[0m\n\u001b[0m\u001b[0;32m    395\u001b[0m         \u001b[1;32melse\u001b[0m\u001b[1;33m:\u001b[0m\u001b[1;33m\u001b[0m\u001b[0m\n\u001b[0;32m    396\u001b[0m             raise ValueError('Must explicitly set engine if not passing in'\n",
      "\u001b[1;32m~\\AppData\\Local\\Continuum\\anaconda3\\lib\\site-packages\\xlrd\\__init__.py\u001b[0m in \u001b[0;36mopen_workbook\u001b[1;34m(filename, logfile, verbosity, use_mmap, file_contents, encoding_override, formatting_info, on_demand, ragged_rows)\u001b[0m\n\u001b[0;32m    114\u001b[0m         \u001b[0mpeek\u001b[0m \u001b[1;33m=\u001b[0m \u001b[0mfile_contents\u001b[0m\u001b[1;33m[\u001b[0m\u001b[1;33m:\u001b[0m\u001b[0mpeeksz\u001b[0m\u001b[1;33m]\u001b[0m\u001b[1;33m\u001b[0m\u001b[0m\n\u001b[0;32m    115\u001b[0m     \u001b[1;32melse\u001b[0m\u001b[1;33m:\u001b[0m\u001b[1;33m\u001b[0m\u001b[0m\n\u001b[1;32m--> 116\u001b[1;33m         \u001b[1;32mwith\u001b[0m \u001b[0mopen\u001b[0m\u001b[1;33m(\u001b[0m\u001b[0mfilename\u001b[0m\u001b[1;33m,\u001b[0m \u001b[1;34m\"rb\"\u001b[0m\u001b[1;33m)\u001b[0m \u001b[1;32mas\u001b[0m \u001b[0mf\u001b[0m\u001b[1;33m:\u001b[0m\u001b[1;33m\u001b[0m\u001b[0m\n\u001b[0m\u001b[0;32m    117\u001b[0m             \u001b[0mpeek\u001b[0m \u001b[1;33m=\u001b[0m \u001b[0mf\u001b[0m\u001b[1;33m.\u001b[0m\u001b[0mread\u001b[0m\u001b[1;33m(\u001b[0m\u001b[0mpeeksz\u001b[0m\u001b[1;33m)\u001b[0m\u001b[1;33m\u001b[0m\u001b[0m\n\u001b[0;32m    118\u001b[0m     \u001b[1;32mif\u001b[0m \u001b[0mpeek\u001b[0m \u001b[1;33m==\u001b[0m \u001b[1;34mb\"PK\\x03\\x04\"\u001b[0m\u001b[1;33m:\u001b[0m \u001b[1;31m# a ZIP file\u001b[0m\u001b[1;33m\u001b[0m\u001b[0m\n",
      "\u001b[1;31mFileNotFoundError\u001b[0m: [Errno 2] No such file or directory: 'masterinput_short.xlsx'"
     ]
    }
   ],
   "source": [
    "# Import excel w scenario information\n",
    "# the crop rotations\n",
    "rota = pd.read_excel('masterinput_short.xlsx', sheet_name= 'Rotations')\n",
    "# import the crops: daisynames, plowing, sowing and harvest dates\n",
    "crops = pd.read_excel('masterinput_short.xlsx',sheet_name= 'Crops')\n",
    "crops.index=crops['Crop']\n",
    "# import the manure IDs, amounts, and types\n",
    "manure = pd.read_excel('masterinput_short.xlsx', sheet_name = 'Manure')\n",
    "# import table with file names for weather data, soil data, initialization file, initial SOC content\n",
    "conditions = pd.read_excel('masterinput_short.xlsx', sheet_name = 'soil_climate_more')\n",
    "rota.head\n",
    "\n"
   ]
  },
  {
   "cell_type": "code",
   "execution_count": 87,
   "metadata": {},
   "outputs": [
    {
     "ename": "KeyError",
     "evalue": "'Silomajs E '",
     "output_type": "error",
     "traceback": [
      "\u001b[1;31m---------------------------------------------------------------------------\u001b[0m",
      "\u001b[1;31mTypeError\u001b[0m                                 Traceback (most recent call last)",
      "\u001b[1;32m~\\AppData\\Local\\Continuum\\anaconda3\\lib\\site-packages\\pandas\\core\\indexes\\base.py\u001b[0m in \u001b[0;36mget_value\u001b[1;34m(self, series, key)\u001b[0m\n\u001b[0;32m   3123\u001b[0m             \u001b[1;32mtry\u001b[0m\u001b[1;33m:\u001b[0m\u001b[1;33m\u001b[0m\u001b[0m\n\u001b[1;32m-> 3124\u001b[1;33m                 \u001b[1;32mreturn\u001b[0m \u001b[0mlibindex\u001b[0m\u001b[1;33m.\u001b[0m\u001b[0mget_value_box\u001b[0m\u001b[1;33m(\u001b[0m\u001b[0ms\u001b[0m\u001b[1;33m,\u001b[0m \u001b[0mkey\u001b[0m\u001b[1;33m)\u001b[0m\u001b[1;33m\u001b[0m\u001b[0m\n\u001b[0m\u001b[0;32m   3125\u001b[0m             \u001b[1;32mexcept\u001b[0m \u001b[0mIndexError\u001b[0m\u001b[1;33m:\u001b[0m\u001b[1;33m\u001b[0m\u001b[0m\n",
      "\u001b[1;32mpandas\\_libs\\index.pyx\u001b[0m in \u001b[0;36mpandas._libs.index.get_value_box\u001b[1;34m()\u001b[0m\n",
      "\u001b[1;32mpandas\\_libs\\index.pyx\u001b[0m in \u001b[0;36mpandas._libs.index.get_value_box\u001b[1;34m()\u001b[0m\n",
      "\u001b[1;31mTypeError\u001b[0m: 'str' object cannot be interpreted as an integer",
      "\nDuring handling of the above exception, another exception occurred:\n",
      "\u001b[1;31mKeyError\u001b[0m                                  Traceback (most recent call last)",
      "\u001b[1;32m<ipython-input-87-9193ba780071>\u001b[0m in \u001b[0;36m<module>\u001b[1;34m()\u001b[0m\n\u001b[0;32m     15\u001b[0m     \u001b[1;32mfor\u001b[0m \u001b[0myear\u001b[0m \u001b[1;32min\u001b[0m \u001b[0mrange\u001b[0m\u001b[1;33m(\u001b[0m\u001b[1;36m0\u001b[0m\u001b[1;33m,\u001b[0m\u001b[1;36m2\u001b[0m\u001b[1;33m)\u001b[0m\u001b[1;33m:\u001b[0m\u001b[1;33m\u001b[0m\u001b[0m\n\u001b[0;32m     16\u001b[0m         \u001b[0mcropname\u001b[0m \u001b[1;33m=\u001b[0m \u001b[0mrota\u001b[0m\u001b[1;33m[\u001b[0m\u001b[0mcolumnname\u001b[0m\u001b[1;33m]\u001b[0m\u001b[1;33m[\u001b[0m\u001b[0myear\u001b[0m\u001b[1;33m]\u001b[0m\u001b[1;33m\u001b[0m\u001b[0m\n\u001b[1;32m---> 17\u001b[1;33m         \u001b[0mblock\u001b[0m\u001b[1;33m.\u001b[0m\u001b[0mChildren\u001b[0m\u001b[1;33m.\u001b[0m\u001b[0mappend\u001b[0m\u001b[1;33m(\u001b[0m\u001b[0mDaisyEntry\u001b[0m\u001b[1;33m(\u001b[0m\u001b[1;34m'wait_mm_dd'\u001b[0m\u001b[1;33m,\u001b[0m \u001b[0mstr\u001b[0m\u001b[1;33m(\u001b[0m\u001b[0mcrops\u001b[0m\u001b[1;33m[\u001b[0m\u001b[1;34m'Plowing'\u001b[0m\u001b[1;33m]\u001b[0m\u001b[1;33m[\u001b[0m\u001b[0mcropname\u001b[0m\u001b[1;33m]\u001b[0m\u001b[1;33m.\u001b[0m\u001b[0mmonth\u001b[0m\u001b[1;33m)\u001b[0m\u001b[1;33m)\u001b[0m\u001b[1;33m)\u001b[0m\u001b[1;33m\u001b[0m\u001b[0m\n\u001b[0m\u001b[0;32m     18\u001b[0m         \u001b[0mplow\u001b[0m \u001b[1;33m=\u001b[0m \u001b[0mDaisyEntry\u001b[0m\u001b[1;33m(\u001b[0m\u001b[1;34m'plowing'\u001b[0m\u001b[1;33m,\u001b[0m\u001b[1;33m[\u001b[0m\u001b[1;33m]\u001b[0m\u001b[1;33m)\u001b[0m\u001b[1;33m\u001b[0m\u001b[0m\n\u001b[0;32m     19\u001b[0m         \u001b[0msow\u001b[0m \u001b[1;33m=\u001b[0m \u001b[0mDaisyEntry\u001b[0m\u001b[1;33m(\u001b[0m\u001b[1;34m'sow'\u001b[0m\u001b[1;33m,\u001b[0m \u001b[1;33m[\u001b[0m\u001b[1;34m'\"'\u001b[0m \u001b[1;33m+\u001b[0m \u001b[0mstr\u001b[0m\u001b[1;33m(\u001b[0m\u001b[0mcrops\u001b[0m\u001b[1;33m[\u001b[0m\u001b[1;34m'Daisynavn'\u001b[0m\u001b[1;33m]\u001b[0m\u001b[1;33m[\u001b[0m\u001b[0mcropname\u001b[0m\u001b[1;33m]\u001b[0m\u001b[1;33m)\u001b[0m \u001b[1;33m+\u001b[0m\u001b[1;34m'\"'\u001b[0m\u001b[1;33m]\u001b[0m\u001b[1;33m)\u001b[0m\u001b[1;33m\u001b[0m\u001b[0m\n",
      "\u001b[1;32m~\\AppData\\Local\\Continuum\\anaconda3\\lib\\site-packages\\pandas\\core\\series.py\u001b[0m in \u001b[0;36m__getitem__\u001b[1;34m(self, key)\u001b[0m\n\u001b[0;32m    765\u001b[0m         \u001b[0mkey\u001b[0m \u001b[1;33m=\u001b[0m \u001b[0mcom\u001b[0m\u001b[1;33m.\u001b[0m\u001b[0m_apply_if_callable\u001b[0m\u001b[1;33m(\u001b[0m\u001b[0mkey\u001b[0m\u001b[1;33m,\u001b[0m \u001b[0mself\u001b[0m\u001b[1;33m)\u001b[0m\u001b[1;33m\u001b[0m\u001b[0m\n\u001b[0;32m    766\u001b[0m         \u001b[1;32mtry\u001b[0m\u001b[1;33m:\u001b[0m\u001b[1;33m\u001b[0m\u001b[0m\n\u001b[1;32m--> 767\u001b[1;33m             \u001b[0mresult\u001b[0m \u001b[1;33m=\u001b[0m \u001b[0mself\u001b[0m\u001b[1;33m.\u001b[0m\u001b[0mindex\u001b[0m\u001b[1;33m.\u001b[0m\u001b[0mget_value\u001b[0m\u001b[1;33m(\u001b[0m\u001b[0mself\u001b[0m\u001b[1;33m,\u001b[0m \u001b[0mkey\u001b[0m\u001b[1;33m)\u001b[0m\u001b[1;33m\u001b[0m\u001b[0m\n\u001b[0m\u001b[0;32m    768\u001b[0m \u001b[1;33m\u001b[0m\u001b[0m\n\u001b[0;32m    769\u001b[0m             \u001b[1;32mif\u001b[0m \u001b[1;32mnot\u001b[0m \u001b[0mis_scalar\u001b[0m\u001b[1;33m(\u001b[0m\u001b[0mresult\u001b[0m\u001b[1;33m)\u001b[0m\u001b[1;33m:\u001b[0m\u001b[1;33m\u001b[0m\u001b[0m\n",
      "\u001b[1;32m~\\AppData\\Local\\Continuum\\anaconda3\\lib\\site-packages\\pandas\\core\\indexes\\base.py\u001b[0m in \u001b[0;36mget_value\u001b[1;34m(self, series, key)\u001b[0m\n\u001b[0;32m   3130\u001b[0m                     \u001b[1;32mraise\u001b[0m \u001b[0mInvalidIndexError\u001b[0m\u001b[1;33m(\u001b[0m\u001b[0mkey\u001b[0m\u001b[1;33m)\u001b[0m\u001b[1;33m\u001b[0m\u001b[0m\n\u001b[0;32m   3131\u001b[0m                 \u001b[1;32melse\u001b[0m\u001b[1;33m:\u001b[0m\u001b[1;33m\u001b[0m\u001b[0m\n\u001b[1;32m-> 3132\u001b[1;33m                     \u001b[1;32mraise\u001b[0m \u001b[0me1\u001b[0m\u001b[1;33m\u001b[0m\u001b[0m\n\u001b[0m\u001b[0;32m   3133\u001b[0m             \u001b[1;32mexcept\u001b[0m \u001b[0mException\u001b[0m\u001b[1;33m:\u001b[0m  \u001b[1;31m# pragma: no cover\u001b[0m\u001b[1;33m\u001b[0m\u001b[0m\n\u001b[0;32m   3134\u001b[0m                 \u001b[1;32mraise\u001b[0m \u001b[0me1\u001b[0m\u001b[1;33m\u001b[0m\u001b[0m\n",
      "\u001b[1;32m~\\AppData\\Local\\Continuum\\anaconda3\\lib\\site-packages\\pandas\\core\\indexes\\base.py\u001b[0m in \u001b[0;36mget_value\u001b[1;34m(self, series, key)\u001b[0m\n\u001b[0;32m   3116\u001b[0m         \u001b[1;32mtry\u001b[0m\u001b[1;33m:\u001b[0m\u001b[1;33m\u001b[0m\u001b[0m\n\u001b[0;32m   3117\u001b[0m             return self._engine.get_value(s, k,\n\u001b[1;32m-> 3118\u001b[1;33m                                           tz=getattr(series.dtype, 'tz', None))\n\u001b[0m\u001b[0;32m   3119\u001b[0m         \u001b[1;32mexcept\u001b[0m \u001b[0mKeyError\u001b[0m \u001b[1;32mas\u001b[0m \u001b[0me1\u001b[0m\u001b[1;33m:\u001b[0m\u001b[1;33m\u001b[0m\u001b[0m\n\u001b[0;32m   3120\u001b[0m             \u001b[1;32mif\u001b[0m \u001b[0mlen\u001b[0m\u001b[1;33m(\u001b[0m\u001b[0mself\u001b[0m\u001b[1;33m)\u001b[0m \u001b[1;33m>\u001b[0m \u001b[1;36m0\u001b[0m \u001b[1;32mand\u001b[0m \u001b[0mself\u001b[0m\u001b[1;33m.\u001b[0m\u001b[0minferred_type\u001b[0m \u001b[1;32min\u001b[0m \u001b[1;33m[\u001b[0m\u001b[1;34m'integer'\u001b[0m\u001b[1;33m,\u001b[0m \u001b[1;34m'boolean'\u001b[0m\u001b[1;33m]\u001b[0m\u001b[1;33m:\u001b[0m\u001b[1;33m\u001b[0m\u001b[0m\n",
      "\u001b[1;32mpandas\\_libs\\index.pyx\u001b[0m in \u001b[0;36mpandas._libs.index.IndexEngine.get_value\u001b[1;34m()\u001b[0m\n",
      "\u001b[1;32mpandas\\_libs\\index.pyx\u001b[0m in \u001b[0;36mpandas._libs.index.IndexEngine.get_value\u001b[1;34m()\u001b[0m\n",
      "\u001b[1;32mpandas\\_libs\\index.pyx\u001b[0m in \u001b[0;36mpandas._libs.index.IndexEngine.get_loc\u001b[1;34m()\u001b[0m\n",
      "\u001b[1;32mpandas\\_libs\\hashtable_class_helper.pxi\u001b[0m in \u001b[0;36mpandas._libs.hashtable.PyObjectHashTable.get_item\u001b[1;34m()\u001b[0m\n",
      "\u001b[1;32mpandas\\_libs\\hashtable_class_helper.pxi\u001b[0m in \u001b[0;36mpandas._libs.hashtable.PyObjectHashTable.get_item\u001b[1;34m()\u001b[0m\n",
      "\u001b[1;31mKeyError\u001b[0m: 'Silomajs E '"
     ]
    }
   ],
   "source": [
    "\n",
    "path=r'../Run'\n",
    "\n",
    "# if __name__ =='__main__':\n",
    "\n",
    "template = DaisyModel(os.path.join(path, 'Scenarier_v1.dai'))\n",
    "i=0\n",
    "    \n",
    "newfile= template.copy()    \n",
    "block = newfile.Input['defaction'][1]\n",
    "        \n",
    "for i in range(1, len(rota)):\n",
    "    columnname=rota.columns[i]\n",
    "    \n",
    "    for year in range(0,2):\n",
    "        cropname = rota[columnname][year]\n",
    "        block.Children.append(DaisyEntry('wait_mm_dd', str(crops['Plowing'][cropname].month)))  \n",
    "        plow = DaisyEntry('plowing',[])\n",
    "        sow = DaisyEntry('sow', ['\"' + str(crops['Daisynavn'][cropname]) +'\"'])\n",
    "        block.Children.append(sow)  \n",
    "    newfile.save_as(os.path.join(path, columnname,'model.dai'))\n",
    "        \n",
    "    \n",
    "    \n",
    "    \n",
    "    \n",
    "    "
   ]
  },
  {
   "cell_type": "code",
   "execution_count": 85,
   "metadata": {},
   "outputs": [
    {
     "data": {
      "text/plain": [
       "'Silomajs E '"
      ]
     },
     "execution_count": 85,
     "metadata": {},
     "output_type": "execute_result"
    }
   ],
   "source": [
    "cropname\n",
    "\n"
   ]
  },
  {
   "cell_type": "code",
   "execution_count": 77,
   "metadata": {},
   "outputs": [
    {
     "data": {
      "text/plain": [
       "datetime.datetime(2019, 5, 1, 0, 0)"
      ]
     },
     "execution_count": 77,
     "metadata": {},
     "output_type": "execute_result"
    }
   ],
   "source": [
    "\n",
    "crops['Plowing']['Silomajs']\n",
    "\n",
    "\n",
    "\n",
    "\n"
   ]
  },
  {
   "cell_type": "code",
   "execution_count": null,
   "metadata": {},
   "outputs": [],
   "source": [
    "\n",
    "for i in range(0,len()):\n",
    "    block.Children.append(DaisyEntry('wait_mm_dd', [str(df['date'][i].month), str(df['date'][i].day)]))\n",
    "        \n",
    "    if rota[2:,1:][i]=='sow':\n",
    "        for crop in df['what'][i].split(','):\n",
    "                sow = DaisyEntry('sow', ['\"' + crop.strip() +'\"'])\n",
    "                block.Children.append(sow)  \n",
    "\n",
    "    for i in range(0,len(df)): #for hver jord\n",
    "        for i in range(0,len(df)): #for hver konventionel\n",
    "            for hvert år\n",
    "    \n",
    "                sow\n",
    "                if(øko)\n",
    "                    kløvergræs\n",
    "        for i in range(0,len(df)): #for hver øko\n",
    "            så kløver græs\n",
    "            gødning\n",
    "        harvest\n"
   ]
  }
 ],
 "metadata": {
  "kernelspec": {
   "display_name": "Python 3",
   "language": "python",
   "name": "python3"
  },
  "language_info": {
   "codemirror_mode": {
    "name": "ipython",
    "version": 3
   },
   "file_extension": ".py",
   "mimetype": "text/x-python",
   "name": "python",
   "nbconvert_exporter": "python",
   "pygments_lexer": "ipython3",
   "version": "3.7.0"
  }
 },
 "nbformat": 4,
 "nbformat_minor": 2
}
